<?xml version="1.0" encoding="UTF-8"?>
<!-- Generated by org.testng.reporters.JUnitXMLReporter -->
<testsuite ignored="8" hostname="EC2AMAZ-6D3ISV7" failures="0" tests="3" name="Chrome" time="70.893" errors="0" timestamp="2022-07-01T01:52:27 UTC">
  <testcase classname="AutomationPractice.HomeBaseFirefox" name="@BeforeTest setup" time="0.415">
    <failure type="java.lang.IllegalStateException" message="The path to the driver executable must be set by the webdriver.gecko.driver system property; for more information, see https://github.com/mozilla/geckodriver. The latest version can be downloaded from https://github.com/mozilla/geckodriver/releases">
      <![CDATA[java.lang.IllegalStateException: The path to the driver executable must be set by the webdriver.gecko.driver system property; for more information, see https://github.com/mozilla/geckodriver. The latest version can be downloaded from https://github.com/mozilla/geckodriver/releases
at com.google.common.base.Preconditions.checkState(Preconditions.java:847)
at org.openqa.selenium.remote.service.DriverService.findExecutable(DriverService.java:134)
at org.openqa.selenium.firefox.GeckoDriverService.access$100(GeckoDriverService.java:44)
at org.openqa.selenium.firefox.GeckoDriverService$Builder.findDefaultExecutable(GeckoDriverService.java:167)
at org.openqa.selenium.remote.service.DriverService$Builder.build(DriverService.java:355)
at org.openqa.selenium.firefox.FirefoxDriver.toExecutor(FirefoxDriver.java:190)
at org.openqa.selenium.firefox.FirefoxDriver.<init>(FirefoxDriver.java:147)
at org.openqa.selenium.firefox.FirefoxDriver.<init>(FirefoxDriver.java:125)
at AutomationPractice.HomeBaseFirefox.setup(HomeBaseFirefox.java:48)
at java.base/java.util.concurrent.FutureTask.run(FutureTask.java:264)
at java.base/java.util.concurrent.ThreadPoolExecutor.runWorker(ThreadPoolExecutor.java:1136)
at java.base/java.util.concurrent.ThreadPoolExecutor$Worker.run(ThreadPoolExecutor.java:635)
at java.base/java.lang.Thread.run(Thread.java:833)
... Removed 15 stack frames]]>
    </failure>
  </testcase> <!-- @BeforeTest setup -->
  <testcase classname="AutomationPractice.HomeEdge" name="@BeforeTest setup" time="-1.656640276708E9">
    <skipped/>
  </testcase> <!-- @BeforeTest setup -->
  <testcase classname="AutomationPractice.HomeEdge" name="@BeforeClass Synchronize" time="-1.656640276807E9">
    <skipped/>
  </testcase> <!-- @BeforeClass Synchronize -->
  <testcase classname="AutomationPractice.HomeEdge" name="@BeforeMethod BrowserConfig" time="-1.656640276835E9">
    <skipped/>
  </testcase> <!-- @BeforeMethod BrowserConfig -->
  <testcase classname="AutomationPractice.HomeEdge" name="@AfterMethod validations" time="-1.656640276935E9">
    <skipped/>
  </testcase> <!-- @AfterMethod validations -->
  <testcase classname="AutomationPractice.HomeEdge" name="@AfterMethod validations2" time="-1.656640276957E9">
    <skipped/>
  </testcase> <!-- @AfterMethod validations2 -->
  <testcase classname="AutomationPractice.HomeEdge" name="@AfterClass PageValidations" time="-1.656640277001E9">
    <skipped/>
  </testcase> <!-- @AfterClass PageValidations -->
  <testcase classname="AutomationPractice.HomeBaseFirefox" name="@BeforeClass Synchronize" time="-1.656640277016E9">
    <skipped/>
  </testcase> <!-- @BeforeClass Synchronize -->
  <testcase classname="AutomationPractice.HomeBaseFirefox" name="@BeforeMethod BrowserConfig" time="-1.656640277044E9">
    <skipped/>
  </testcase> <!-- @BeforeMethod BrowserConfig -->
  <testcase classname="AutomationPractice.HomeBaseFirefox" name="@AfterMethod validations" time="-1.65664027707E9">
    <skipped/>
  </testcase> <!-- @AfterMethod validations -->
  <testcase classname="AutomationPractice.HomeBaseFirefox" name="@AfterMethod validations2" time="-1.656640277078E9">
    <skipped/>
  </testcase> <!-- @AfterMethod validations2 -->
  <testcase classname="AutomationPractice.HomeBaseFirefox" name="@AfterClass PageValidations" time="-1.656640277084E9">
    <skipped/>
  </testcase> <!-- @AfterClass PageValidations -->
  <testcase classname="AutomationPractice.HomeEdge" name="@BeforeClass Synchronize" time="-1.656640277098E9">
    <skipped/>
  </testcase> <!-- @BeforeClass Synchronize -->
  <testcase classname="AutomationPractice.HomeEdge" name="@BeforeMethod BrowserConfig" time="-1.656640277107E9">
    <skipped/>
  </testcase> <!-- @BeforeMethod BrowserConfig -->
  <testcase classname="AutomationPractice.HomeEdge" name="@AfterMethod validations" time="-1.656640277206E9">
    <skipped/>
  </testcase> <!-- @AfterMethod validations -->
  <testcase classname="AutomationPractice.HomeEdge" name="@AfterMethod validations2" time="-1.656640277213E9">
    <skipped/>
  </testcase> <!-- @AfterMethod validations2 -->
  <testcase classname="AutomationPractice.HomeEdge" name="@AfterClass PageValidations" time="-1.656640277218E9">
    <skipped/>
  </testcase> <!-- @AfterClass PageValidations -->
  <testcase classname="AutomationPractice.HomeBaseFirefox" name="@AfterTest BrowserClosing" time="-1.656640277243E9">
    <skipped/>
  </testcase> <!-- @AfterTest BrowserClosing -->
  <testcase classname="AutomationPractice.HomeEdge" name="@AfterTest BrowserClosing" time="-1.656640277247E9">
    <skipped/>
  </testcase> <!-- @AfterTest BrowserClosing -->
  <testcase classname="AutomationPractice.HomeBase" name="@BeforeTest setup" time="69.841">
    <failure type="org.openqa.selenium.WebDriverException" message="unknown error: unable to discover open pages
Build info: version: &amp;apos;3.141.59&amp;apos;, revision: &amp;apos;e82be7d358&amp;apos;, time: &amp;apos;2018-11-14T08:25:48&amp;apos;
System info: host: &amp;apos;EC2AMAZ-6D3ISV7&amp;apos;, ip: &amp;apos;172.31.88.224&amp;apos;, os.name: &amp;apos;Windows Server 2019&amp;apos;, os.arch: &amp;apos;amd64&amp;apos;, os.version: &amp;apos;10.0&amp;apos;, java.version: &amp;apos;17.0.2&amp;apos;
Driver info: driver.version: ChromeDriver
remote stacktrace: Backtrace:
	Ordinal0 [0x00A8D953+2414931]
	Ordinal0 [0x00A1F5E1+1963489]
	Ordinal0 [0x0090C6B8+837304]
	Ordinal0 [0x0092CAE3+969443]
	Ordinal0 [0x009286FA+952058]
	Ordinal0 [0x00925FB1+942001]
	Ordinal0 [0x00959100+1151232]
	Ordinal0 [0x00958D5A+1150298]
	Ordinal0 [0x009542B6+1131190]
	Ordinal0 [0x0092E860+976992]
	Ordinal0 [0x0092F756+980822]
	GetHandleVerifier [0x00CFCC62+2510274]
	GetHandleVerifier [0x00CEF760+2455744]
	GetHandleVerifier [0x00B1EABA+551962]
	GetHandleVerifier [0x00B1D916+547446]
	Ordinal0 [0x00A25F3B+1990459]
	Ordinal0 [0x00A2A898+2009240]
	Ordinal0 [0x00A2A985+2009477]
	Ordinal0 [0x00A33AD1+2046673]
	BaseThreadInitThunk [0x770F0419+25]
	RtlGetAppContainerNamedObjectPath [0x77EC72FD+237]
	RtlGetAppContainerNamedObjectPath [0x77EC72CD+189]
">
      <![CDATA[org.openqa.selenium.WebDriverException: unknown error: unable to discover open pages
Build info: version: '3.141.59', revision: 'e82be7d358', time: '2018-11-14T08:25:48'
System info: host: 'EC2AMAZ-6D3ISV7', ip: '172.31.88.224', os.name: 'Windows Server 2019', os.arch: 'amd64', os.version: '10.0', java.version: '17.0.2'
Driver info: driver.version: ChromeDriver
remote stacktrace: Backtrace:
Ordinal0 [0x00A8D953+2414931]
Ordinal0 [0x00A1F5E1+1963489]
Ordinal0 [0x0090C6B8+837304]
Ordinal0 [0x0092CAE3+969443]
Ordinal0 [0x009286FA+952058]
Ordinal0 [0x00925FB1+942001]
Ordinal0 [0x00959100+1151232]
Ordinal0 [0x00958D5A+1150298]
Ordinal0 [0x009542B6+1131190]
Ordinal0 [0x0092E860+976992]
Ordinal0 [0x0092F756+980822]
GetHandleVerifier [0x00CFCC62+2510274]
GetHandleVerifier [0x00CEF760+2455744]
GetHandleVerifier [0x00B1EABA+551962]
GetHandleVerifier [0x00B1D916+547446]
Ordinal0 [0x00A25F3B+1990459]
Ordinal0 [0x00A2A898+2009240]
Ordinal0 [0x00A2A985+2009477]
Ordinal0 [0x00A33AD1+2046673]
BaseThreadInitThunk [0x770F0419+25]
RtlGetAppContainerNamedObjectPath [0x77EC72FD+237]
RtlGetAppContainerNamedObjectPath [0x77EC72CD+189]

at org.openqa.selenium.remote.W3CHandshakeResponse.lambda$errorHandler$0(W3CHandshakeResponse.java:62)
at org.openqa.selenium.remote.HandshakeResponse.lambda$getResponseFunction$0(HandshakeResponse.java:30)
at org.openqa.selenium.remote.ProtocolHandshake.lambda$createSession$0(ProtocolHandshake.java:126)
at java.base/java.util.stream.ReferencePipeline$3$1.accept(ReferencePipeline.java:197)
at java.base/java.util.Spliterators$ArraySpliterator.tryAdvance(Spliterators.java:1002)
at java.base/java.util.stream.ReferencePipeline.forEachWithCancel(ReferencePipeline.java:129)
at java.base/java.util.stream.AbstractPipeline.copyIntoWithCancel(AbstractPipeline.java:527)
at java.base/java.util.stream.AbstractPipeline.copyInto(AbstractPipeline.java:513)
at java.base/java.util.stream.AbstractPipeline.wrapAndCopyInto(AbstractPipeline.java:499)
at java.base/java.util.stream.FindOps$FindOp.evaluateSequential(FindOps.java:150)
at java.base/java.util.stream.AbstractPipeline.evaluate(AbstractPipeline.java:234)
at java.base/java.util.stream.ReferencePipeline.findFirst(ReferencePipeline.java:647)
at org.openqa.selenium.remote.ProtocolHandshake.createSession(ProtocolHandshake.java:128)
at org.openqa.selenium.remote.ProtocolHandshake.createSession(ProtocolHandshake.java:74)
at org.openqa.selenium.remote.HttpCommandExecutor.execute(HttpCommandExecutor.java:136)
at org.openqa.selenium.remote.service.DriverCommandExecutor.execute(DriverCommandExecutor.java:83)
at org.openqa.selenium.remote.RemoteWebDriver.execute(RemoteWebDriver.java:552)
at org.openqa.selenium.remote.RemoteWebDriver.startSession(RemoteWebDriver.java:213)
at org.openqa.selenium.remote.RemoteWebDriver.<init>(RemoteWebDriver.java:131)
at org.openqa.selenium.chrome.ChromeDriver.<init>(ChromeDriver.java:181)
at org.openqa.selenium.chrome.ChromeDriver.<init>(ChromeDriver.java:168)
at org.openqa.selenium.chrome.ChromeDriver.<init>(ChromeDriver.java:123)
at AutomationPractice.HomeBase.setup(HomeBase.java:48)
at java.base/java.util.concurrent.FutureTask.run(FutureTask.java:264)
at java.base/java.util.concurrent.ThreadPoolExecutor.runWorker(ThreadPoolExecutor.java:1136)
at java.base/java.util.concurrent.ThreadPoolExecutor$Worker.run(ThreadPoolExecutor.java:635)
at java.base/java.lang.Thread.run(Thread.java:833)
... Removed 20 stack frames]]>
    </failure>
  </testcase> <!-- @BeforeTest setup -->
  <testcase classname="AutomationPractice.HomeBase" name="@BeforeClass Synchronize" time="-1.656640346554E9">
    <skipped/>
  </testcase> <!-- @BeforeClass Synchronize -->
  <testcase classname="AutomationPractice.HomeBase" name="@BeforeMethod BrowserConfig" time="-1.65664034661E9">
    <skipped/>
  </testcase> <!-- @BeforeMethod BrowserConfig -->
  <testcase classname="AutomationPractice.HomeBase" name="@AfterMethod validations" time="-1.656640346948E9">
    <skipped/>
  </testcase> <!-- @AfterMethod validations -->
  <testcase classname="AutomationPractice.HomeBase" name="@AfterMethod validations2" time="-1.656640346963E9">
    <skipped/>
  </testcase> <!-- @AfterMethod validations2 -->
  <testcase classname="AutomationPractice.HomeBase" name="@AfterClass PageValidations" time="-1.656640346979E9">
    <skipped/>
  </testcase> <!-- @AfterClass PageValidations -->
  <testcase classname="AutomationPractice.HomeBase" name="@BeforeClass Synchronize" time="-1.656640346994E9">
    <skipped/>
  </testcase> <!-- @BeforeClass Synchronize -->
  <testcase classname="AutomationPractice.HomeBase" name="@BeforeMethod BrowserConfig" time="-1.656640346996E9">
    <skipped/>
  </testcase> <!-- @BeforeMethod BrowserConfig -->
  <testcase classname="AutomationPractice.HomeBase" name="@AfterMethod validations" time="-1.656640347032E9">
    <skipped/>
  </testcase> <!-- @AfterMethod validations -->
  <testcase classname="AutomationPractice.HomeBase" name="@AfterMethod validations2" time="-1.656640347035E9">
    <skipped/>
  </testcase> <!-- @AfterMethod validations2 -->
  <testcase classname="AutomationPractice.HomeBase" name="@AfterClass PageValidations" time="-1.656640347057E9">
    <skipped/>
  </testcase> <!-- @AfterClass PageValidations -->
  <testcase classname="AutomationPractice.HomeBase" name="@BeforeClass Synchronize" time="-1.656640347069E9">
    <skipped/>
  </testcase> <!-- @BeforeClass Synchronize -->
  <testcase classname="AutomationPractice.HomeBase" name="@BeforeMethod BrowserConfig" time="-1.656640347079E9">
    <skipped/>
  </testcase> <!-- @BeforeMethod BrowserConfig -->
  <testcase classname="AutomationPractice.HomeBase" name="@AfterMethod validations" time="-1.656640347121E9">
    <skipped/>
  </testcase> <!-- @AfterMethod validations -->
  <testcase classname="AutomationPractice.HomeBase" name="@AfterMethod validations2" time="-1.656640347123E9">
    <skipped/>
  </testcase> <!-- @AfterMethod validations2 -->
  <testcase classname="AutomationPractice.HomeBase" name="@AfterClass PageValidations" time="-1.656640347126E9">
    <skipped/>
  </testcase> <!-- @AfterClass PageValidations -->
  <testcase classname="AutomationPractice.HomeBase" name="@AfterTest BrowserClosing" time="-1.656640347128E9">
    <skipped/>
  </testcase> <!-- @AfterTest BrowserClosing -->
  <testcase classname="Testmodel.june21" name="run1" time="0.0">
    <skipped/>
  </testcase> <!-- run1 -->
  <testcase classname="Testmodel.june25th" name="run2" time="0.0">
    <skipped/>
  </testcase> <!-- run2 -->
  <testcase classname="Testmodel.june29th" name="run3" time="0.0">
    <skipped/>
  </testcase> <!-- run3 -->
  <testcase classname="AutomationPractice.HomeBase" name="@AfterTest BrowserClosing" time="0.0">
    <ignored/>
  </testcase> <!-- @AfterTest BrowserClosing -->
  <testcase classname="AutomationPractice.HomeBase" name="@AfterTest BrowserClosing" time="0.0">
    <ignored/>
  </testcase> <!-- @AfterTest BrowserClosing -->
  <testcase classname="AutomationPractice.HomeBase" name="@BeforeTest setup" time="0.0">
    <ignored/>
  </testcase> <!-- @BeforeTest setup -->
  <testcase classname="AutomationPractice.HomeBase" name="@BeforeTest setup" time="0.0">
    <ignored/>
  </testcase> <!-- @BeforeTest setup -->
  <testcase classname="AutomationPractice.HomeBase" name="@AfterSuite terminate" time="0.0">
    <ignored/>
  </testcase> <!-- @AfterSuite terminate -->
  <testcase classname="AutomationPractice.HomeBase" name="@AfterSuite terminate" time="0.0">
    <ignored/>
  </testcase> <!-- @AfterSuite terminate -->
  <testcase classname="AutomationPractice.HomeBase" name="@BeforeSuite config" time="0.0">
    <ignored/>
  </testcase> <!-- @BeforeSuite config -->
  <testcase classname="AutomationPractice.HomeBase" name="@BeforeSuite config" time="0.0">
    <ignored/>
  </testcase> <!-- @BeforeSuite config -->
</testsuite> <!-- Chrome -->
