<?xml version="1.0" encoding="UTF-8"?>
<!-- Generated by org.testng.reporters.JUnitXMLReporter -->
<testsuite ignored="0" hostname="EC2AMAZ-6D3ISV7" failures="0" tests="3" name="Edge" time="73.357" errors="0" timestamp="2022-07-01T01:52:29 UTC">
  <testcase classname="AutomationPractice.HomeBase" name="@BeforeTest setup" time="73.206">
    <failure type="org.openqa.selenium.WebDriverException" message="chrome not reachable
Build info: version: &amp;apos;3.141.59&amp;apos;, revision: &amp;apos;e82be7d358&amp;apos;, time: &amp;apos;2018-11-14T08:25:48&amp;apos;
System info: host: &amp;apos;EC2AMAZ-6D3ISV7&amp;apos;, ip: &amp;apos;172.31.88.224&amp;apos;, os.name: &amp;apos;Windows Server 2019&amp;apos;, os.arch: &amp;apos;amd64&amp;apos;, os.version: &amp;apos;10.0&amp;apos;, java.version: &amp;apos;17.0.2&amp;apos;
Driver info: driver.version: ChromeDriver
remote stacktrace: Backtrace:
	Ordinal0 [0x00A8D953+2414931]
	Ordinal0 [0x00A1F5E1+1963489]
	Ordinal0 [0x0090C580+836992]
	Ordinal0 [0x00900105+786693]
	Ordinal0 [0x0092C498+967832]
	Ordinal0 [0x009286FA+952058]
	Ordinal0 [0x00925FB1+942001]
	Ordinal0 [0x00959100+1151232]
	Ordinal0 [0x00958D5A+1150298]
	Ordinal0 [0x009542B6+1131190]
	Ordinal0 [0x0092E860+976992]
	Ordinal0 [0x0092F756+980822]
	GetHandleVerifier [0x00CFCC62+2510274]
	GetHandleVerifier [0x00CEF760+2455744]
	GetHandleVerifier [0x00B1EABA+551962]
	GetHandleVerifier [0x00B1D916+547446]
	Ordinal0 [0x00A25F3B+1990459]
	Ordinal0 [0x00A2A898+2009240]
	Ordinal0 [0x00A2A985+2009477]
	Ordinal0 [0x00A33AD1+2046673]
	BaseThreadInitThunk [0x770F0419+25]
	RtlGetAppContainerNamedObjectPath [0x77EC72FD+237]
	RtlGetAppContainerNamedObjectPath [0x77EC72CD+189]
">
      <![CDATA[org.openqa.selenium.WebDriverException: chrome not reachable
Build info: version: '3.141.59', revision: 'e82be7d358', time: '2018-11-14T08:25:48'
System info: host: 'EC2AMAZ-6D3ISV7', ip: '172.31.88.224', os.name: 'Windows Server 2019', os.arch: 'amd64', os.version: '10.0', java.version: '17.0.2'
Driver info: driver.version: ChromeDriver
remote stacktrace: Backtrace:
Ordinal0 [0x00A8D953+2414931]
Ordinal0 [0x00A1F5E1+1963489]
Ordinal0 [0x0090C580+836992]
Ordinal0 [0x00900105+786693]
Ordinal0 [0x0092C498+967832]
Ordinal0 [0x009286FA+952058]
Ordinal0 [0x00925FB1+942001]
Ordinal0 [0x00959100+1151232]
Ordinal0 [0x00958D5A+1150298]
Ordinal0 [0x009542B6+1131190]
Ordinal0 [0x0092E860+976992]
Ordinal0 [0x0092F756+980822]
GetHandleVerifier [0x00CFCC62+2510274]
GetHandleVerifier [0x00CEF760+2455744]
GetHandleVerifier [0x00B1EABA+551962]
GetHandleVerifier [0x00B1D916+547446]
Ordinal0 [0x00A25F3B+1990459]
Ordinal0 [0x00A2A898+2009240]
Ordinal0 [0x00A2A985+2009477]
Ordinal0 [0x00A33AD1+2046673]
BaseThreadInitThunk [0x770F0419+25]
RtlGetAppContainerNamedObjectPath [0x77EC72FD+237]
RtlGetAppContainerNamedObjectPath [0x77EC72CD+189]

at org.openqa.selenium.remote.W3CHandshakeResponse.lambda$errorHandler$0(W3CHandshakeResponse.java:62)
at org.openqa.selenium.remote.HandshakeResponse.lambda$getResponseFunction$0(HandshakeResponse.java:30)
at org.openqa.selenium.remote.ProtocolHandshake.lambda$createSession$0(ProtocolHandshake.java:126)
at java.base/java.util.stream.ReferencePipeline$3$1.accept(ReferencePipeline.java:197)
at java.base/java.util.Spliterators$ArraySpliterator.tryAdvance(Spliterators.java:1002)
at java.base/java.util.stream.ReferencePipeline.forEachWithCancel(ReferencePipeline.java:129)
at java.base/java.util.stream.AbstractPipeline.copyIntoWithCancel(AbstractPipeline.java:527)
at java.base/java.util.stream.AbstractPipeline.copyInto(AbstractPipeline.java:513)
at java.base/java.util.stream.AbstractPipeline.wrapAndCopyInto(AbstractPipeline.java:499)
at java.base/java.util.stream.FindOps$FindOp.evaluateSequential(FindOps.java:150)
at java.base/java.util.stream.AbstractPipeline.evaluate(AbstractPipeline.java:234)
at java.base/java.util.stream.ReferencePipeline.findFirst(ReferencePipeline.java:647)
at org.openqa.selenium.remote.ProtocolHandshake.createSession(ProtocolHandshake.java:128)
at org.openqa.selenium.remote.ProtocolHandshake.createSession(ProtocolHandshake.java:74)
at org.openqa.selenium.remote.HttpCommandExecutor.execute(HttpCommandExecutor.java:136)
at org.openqa.selenium.remote.service.DriverCommandExecutor.execute(DriverCommandExecutor.java:83)
at org.openqa.selenium.remote.RemoteWebDriver.execute(RemoteWebDriver.java:552)
at org.openqa.selenium.remote.RemoteWebDriver.startSession(RemoteWebDriver.java:213)
at org.openqa.selenium.remote.RemoteWebDriver.<init>(RemoteWebDriver.java:131)
at org.openqa.selenium.chrome.ChromeDriver.<init>(ChromeDriver.java:181)
at org.openqa.selenium.chrome.ChromeDriver.<init>(ChromeDriver.java:168)
at org.openqa.selenium.chrome.ChromeDriver.<init>(ChromeDriver.java:123)
at AutomationPractice.HomeBase.setup(HomeBase.java:48)
at java.base/java.util.concurrent.FutureTask.run(FutureTask.java:264)
at java.base/java.util.concurrent.ThreadPoolExecutor.runWorker(ThreadPoolExecutor.java:1136)
at java.base/java.util.concurrent.ThreadPoolExecutor$Worker.run(ThreadPoolExecutor.java:635)
at java.base/java.lang.Thread.run(Thread.java:833)
... Removed 20 stack frames]]>
    </failure>
  </testcase> <!-- @BeforeTest setup -->
  <testcase classname="AutomationPractice.HomeBaseFirefox" name="@BeforeTest setup" time="-1.656640349483E9">
    <skipped/>
  </testcase> <!-- @BeforeTest setup -->
  <testcase classname="AutomationPractice.HomeEdge" name="@BeforeTest setup" time="-1.65664034949E9">
    <skipped/>
  </testcase> <!-- @BeforeTest setup -->
  <testcase classname="AutomationPractice.HomeBase" name="@BeforeClass Synchronize" time="-1.656640349498E9">
    <skipped/>
  </testcase> <!-- @BeforeClass Synchronize -->
  <testcase classname="AutomationPractice.HomeBase" name="@BeforeMethod BrowserConfig" time="-1.656640349503E9">
    <skipped/>
  </testcase> <!-- @BeforeMethod BrowserConfig -->
  <testcase classname="AutomationPractice.HomeBase" name="@AfterMethod validations" time="-1.656640349513E9">
    <skipped/>
  </testcase> <!-- @AfterMethod validations -->
  <testcase classname="AutomationPractice.HomeBase" name="@AfterMethod validations2" time="-1.656640349522E9">
    <skipped/>
  </testcase> <!-- @AfterMethod validations2 -->
  <testcase classname="AutomationPractice.HomeBase" name="@AfterClass PageValidations" time="-1.656640349528E9">
    <skipped/>
  </testcase> <!-- @AfterClass PageValidations -->
  <testcase classname="AutomationPractice.HomeEdge" name="@BeforeClass Synchronize" time="-1.656640349538E9">
    <skipped/>
  </testcase> <!-- @BeforeClass Synchronize -->
  <testcase classname="AutomationPractice.HomeEdge" name="@BeforeMethod BrowserConfig" time="-1.656640349542E9">
    <skipped/>
  </testcase> <!-- @BeforeMethod BrowserConfig -->
  <testcase classname="AutomationPractice.HomeEdge" name="@AfterMethod validations" time="-1.656640349551E9">
    <skipped/>
  </testcase> <!-- @AfterMethod validations -->
  <testcase classname="AutomationPractice.HomeEdge" name="@AfterMethod validations2" time="-1.656640349556E9">
    <skipped/>
  </testcase> <!-- @AfterMethod validations2 -->
  <testcase classname="AutomationPractice.HomeEdge" name="@AfterClass PageValidations" time="-1.65664034956E9">
    <skipped/>
  </testcase> <!-- @AfterClass PageValidations -->
  <testcase classname="AutomationPractice.HomeBaseFirefox" name="@BeforeClass Synchronize" time="-1.656640349564E9">
    <skipped/>
  </testcase> <!-- @BeforeClass Synchronize -->
  <testcase classname="AutomationPractice.HomeBaseFirefox" name="@BeforeMethod BrowserConfig" time="-1.656640349569E9">
    <skipped/>
  </testcase> <!-- @BeforeMethod BrowserConfig -->
  <testcase classname="AutomationPractice.HomeBaseFirefox" name="@AfterMethod validations" time="-1.656640349584E9">
    <skipped/>
  </testcase> <!-- @AfterMethod validations -->
  <testcase classname="AutomationPractice.HomeBaseFirefox" name="@AfterMethod validations2" time="-1.656640349589E9">
    <skipped/>
  </testcase> <!-- @AfterMethod validations2 -->
  <testcase classname="AutomationPractice.HomeBaseFirefox" name="@AfterClass PageValidations" time="-1.656640349593E9">
    <skipped/>
  </testcase> <!-- @AfterClass PageValidations -->
  <testcase classname="AutomationPractice.HomeBase" name="@AfterTest BrowserClosing" time="-1.656640349601E9">
    <skipped/>
  </testcase> <!-- @AfterTest BrowserClosing -->
  <testcase classname="AutomationPractice.HomeBaseFirefox" name="@AfterTest BrowserClosing" time="-1.656640349605E9">
    <skipped/>
  </testcase> <!-- @AfterTest BrowserClosing -->
  <testcase classname="AutomationPractice.HomeEdge" name="@AfterTest BrowserClosing" time="-1.656640349612E9">
    <skipped/>
  </testcase> <!-- @AfterTest BrowserClosing -->
  <testcase classname="Testmodelfirefox.june21" name="run1" time="0.0">
    <skipped/>
  </testcase> <!-- run1 -->
  <testcase classname="Testmodelfirefox.june25th" name="run2" time="0.0">
    <skipped/>
  </testcase> <!-- run2 -->
  <testcase classname="Testmodelfirefox.june29th" name="run3" time="0.0">
    <skipped/>
  </testcase> <!-- run3 -->
</testsuite> <!-- Edge -->
